Determining if the pthread_create exist failed with the following output:
Change Dir: /mnt/c/Users/shaya/Documents/copy7-11-3drecon/CTests/build/CMakeFiles/CMakeTmp

Run Build Command:"/usr/bin/make" "cmTC_951fe/fast"
/usr/bin/make -f CMakeFiles/cmTC_951fe.dir/build.make CMakeFiles/cmTC_951fe.dir/build
make[1]: Entering directory '/mnt/c/Users/shaya/Documents/copy7-11-3drecon/CTests/build/CMakeFiles/CMakeTmp'
Building C object CMakeFiles/cmTC_951fe.dir/CheckSymbolExists.c.o
/usr/bin/cc     -o CMakeFiles/cmTC_951fe.dir/CheckSymbolExists.c.o   -c /mnt/c/Users/shaya/Documents/copy7-11-3drecon/CTests/build/CMakeFiles/CMakeTmp/CheckSymbolExists.c
Linking C executable cmTC_951fe
/usr/bin/cmake -E cmake_link_script CMakeFiles/cmTC_951fe.dir/link.txt --verbose=1
/usr/bin/cc       CMakeFiles/cmTC_951fe.dir/CheckSymbolExists.c.o  -o cmTC_951fe -rdynamic 
CMakeFiles/cmTC_951fe.dir/CheckSymbolExists.c.o: In function `main':
CheckSymbolExists.c:(.text+0x16): undefined reference to `pthread_create'
collect2: error: ld returned 1 exit status
CMakeFiles/cmTC_951fe.dir/build.make:97: recipe for target 'cmTC_951fe' failed
make[1]: *** [cmTC_951fe] Error 1
make[1]: Leaving directory '/mnt/c/Users/shaya/Documents/copy7-11-3drecon/CTests/build/CMakeFiles/CMakeTmp'
Makefile:126: recipe for target 'cmTC_951fe/fast' failed
make: *** [cmTC_951fe/fast] Error 2

File /mnt/c/Users/shaya/Documents/copy7-11-3drecon/CTests/build/CMakeFiles/CMakeTmp/CheckSymbolExists.c:
/* */
#include <pthread.h>

int main(int argc, char** argv)
{
  (void)argv;
#ifndef pthread_create
  return ((int*)(&pthread_create))[argc];
#else
  (void)argc;
  return 0;
#endif
}

Determining if the function pthread_create exists in the pthreads failed with the following output:
Change Dir: /mnt/c/Users/shaya/Documents/copy7-11-3drecon/CTests/build/CMakeFiles/CMakeTmp

Run Build Command:"/usr/bin/make" "cmTC_9ad40/fast"
/usr/bin/make -f CMakeFiles/cmTC_9ad40.dir/build.make CMakeFiles/cmTC_9ad40.dir/build
make[1]: Entering directory '/mnt/c/Users/shaya/Documents/copy7-11-3drecon/CTests/build/CMakeFiles/CMakeTmp'
Building C object CMakeFiles/cmTC_9ad40.dir/CheckFunctionExists.c.o
/usr/bin/cc    -DCHECK_FUNCTION_EXISTS=pthread_create   -o CMakeFiles/cmTC_9ad40.dir/CheckFunctionExists.c.o   -c /usr/share/cmake-3.5/Modules/CheckFunctionExists.c
Linking C executable cmTC_9ad40
/usr/bin/cmake -E cmake_link_script CMakeFiles/cmTC_9ad40.dir/link.txt --verbose=1
/usr/bin/cc   -DCHECK_FUNCTION_EXISTS=pthread_create    CMakeFiles/cmTC_9ad40.dir/CheckFunctionExists.c.o  -o cmTC_9ad40 -rdynamic -lpthreads 
/usr/bin/ld: cannot find -lpthreads
collect2: error: ld returned 1 exit status
CMakeFiles/cmTC_9ad40.dir/build.make:97: recipe for target 'cmTC_9ad40' failed
make[1]: *** [cmTC_9ad40] Error 1
make[1]: Leaving directory '/mnt/c/Users/shaya/Documents/copy7-11-3drecon/CTests/build/CMakeFiles/CMakeTmp'
Makefile:126: recipe for target 'cmTC_9ad40/fast' failed
make: *** [cmTC_9ad40/fast] Error 2


